<?xml version="1.0" encoding="UTF-8"?>
<testng-results ignored="0" total="2" passed="2" failed="0" skipped="0">
  <reporter-output>
  </reporter-output>
  <suite started-at="2024-09-05T21:18:21 BDT" name="Suite" finished-at="2024-09-05T21:19:16 BDT" duration-ms="54744">
    <groups>
    </groups>
    <test started-at="2024-09-05T21:18:21 BDT" name="Automation" finished-at="2024-09-05T21:19:16 BDT" duration-ms="54744">
      <class name="framework.automation.tests.EmployeeTest">
        <test-method signature="addEmployee()[pri:0, instance:framework.automation.tests.EmployeeTest@1a245833]" started-at="2024-09-05T21:19:16 BDT" name="addEmployee" finished-at="2024-09-05T21:19:16 BDT" duration-ms="21" status="PASS">
          <reporter-output>
          </reporter-output>
        </test-method> <!-- addEmployee -->
      </class> <!-- framework.automation.tests.EmployeeTest -->
      <class name="framework.automation.tests.LoginTest">
        <test-method is-config="true" signature="start()[pri:0, instance:framework.automation.tests.LoginTest@4d1bf319]" started-at="2024-09-05T21:18:18 BDT" name="start" finished-at="2024-09-05T21:18:21 BDT" duration-ms="2641" status="PASS">
          <reporter-output>
          </reporter-output>
        </test-method> <!-- start -->
        <test-method is-config="true" signature="openUrl()[pri:0, instance:framework.automation.tests.LoginTest@4d1bf319]" started-at="2024-09-05T21:18:21 BDT" name="openUrl" finished-at="2024-09-05T21:18:48 BDT" duration-ms="27135" status="PASS">
          <reporter-output>
          </reporter-output>
        </test-method> <!-- openUrl -->
        <test-method signature="testLoginMethod()[pri:0, instance:framework.automation.tests.LoginTest@4d1bf319]" started-at="2024-09-05T21:18:48 BDT" name="testLoginMethod" finished-at="2024-09-05T21:19:15 BDT" duration-ms="26508" status="PASS">
          <reporter-output>
          </reporter-output>
        </test-method> <!-- testLoginMethod -->
        <test-method is-config="true" signature="report()[pri:0, instance:framework.automation.tests.LoginTest@4d1bf319]" started-at="2024-09-05T21:19:15 BDT" name="report" finished-at="2024-09-05T21:19:16 BDT" duration-ms="928" status="PASS">
          <reporter-output>
          </reporter-output>
        </test-method> <!-- report -->
        <test-method is-config="true" signature="close()[pri:0, instance:framework.automation.tests.LoginTest@4d1bf319]" started-at="2024-09-05T21:19:16 BDT" name="close" finished-at="2024-09-05T21:19:16 BDT" duration-ms="280" status="PASS">
          <reporter-output>
          </reporter-output>
        </test-method> <!-- close -->
      </class> <!-- framework.automation.tests.LoginTest -->
    </test> <!-- Automation -->
  </suite> <!-- Suite -->
</testng-results>
